Starting project at /app
Starting Metro Bundler

Waiting on http://localhost:8081
Logs for your project will appear below.
Web ./index.js ░░░░░░░░░░░░░░░░  0.0% (0/1)
 WARN  Attempted to import the module "/app/node_modules/react-native-webrtc/node_modules/event-target-shim/index" which is not listed in the "exports" of "/app/node_modules/react-native-webrtc/node_modules/event-target-shim" under the requested subpath "./index". Falling back to file-based resolution. Consider updating the call site or asking the package maintainer(s) to expose this API.
Web Bundled 829ms index.js (504 modules)
 LOG  [web] Logs will appear in the browser console
Web ./index.js ░░░░░░░░░░░░░░░░  0.0% (0/1)
Web Bundled 96ms index.js (1 module)
 LOG  [web] Logs will appear in the browser console
Web ./index.js ░░░░░░░░░░░░░░░░  0.0% (0/1)
Web Bundled 1883ms index.js (1 module)
 LOG  [web] Logs will appear in the browser console
Web ./index.js ░░░░░░░░░░░░░░░░  0.0% (0/1)
Web Bundled 39ms index.js (1 module)
 LOG  [web] Logs will appear in the browser console
Web ./index.js ░░░░░░░░░░░░░░░░  0.0% (0/1)
Web Bundled 32ms index.js (1 module)
 LOG  [web] Logs will appear in the browser console
Web ./index.js ░░░░░░░░░░░░░░░░  0.0% (0/1)
Web Bundled 49ms index.js (1 module)
 LOG  [web] Logs will appear in the browser console
Web ./index.js ░░░░░░░░░░░░░░░░  0.0% (0/1)
Web Bundled 38ms index.js (1 module)
 LOG  [web] Logs will appear in the browser console
Web ./index.js ░░░░░░░░░░░░░░░░  0.0% (0/1)
Web Bundled 45ms index.js (1 module)
 LOG  [web] Logs will appear in the browser console
Web ./index.js ░░░░░░░░░░░░░░░░  0.0% (0/1)
Web Bundled 90ms index.js (1 module)
 LOG  [web] Logs will appear in the browser console
Web ./index.js ░░░░░░░░░░░░░░░░  0.0% (0/1)
Web Bundled 35ms index.js (1 module)
 LOG  [web] Logs will appear in the browser console
Web ./index.js ░░░░░░░░░░░░░░░░  0.0% (0/1)
Web Bundled 108ms index.js (1 module)
Web Bundled 36ms index.js (1 module)
 LOG  [web] Logs will appear in the browser console
 LOG  [web] Logs will appear in the browser console
Web Bundled 112ms index.js (1 module)
 LOG  [web] Logs will appear in the browser console
Web Bundled 42ms index.js (1 module)
 LOG  [web] Logs will appear in the browser console
Web Bundled 36ms index.js (1 module)
 LOG  [web] Logs will appear in the browser console
Web Bundled 28ms index.js (1 module)
 LOG  [web] Logs will appear in the browser console
Web ./index.js ░░░░░░░░░░░░░░░░  0.0% (0/1)
Web Bundled 552ms index.js (1 module)
Web Bundled 537ms index.js (1 module)
 LOG  [web] Logs will appear in the browser console
 LOG  [web] Logs will appear in the browser console
Web Bundled 33ms index.js (1 module)
 LOG  [web] Logs will appear in the browser console
Web Bundled 48ms index.js (1 module)
 LOG  [web] Logs will appear in the browser console
Web Bundled 44ms index.js (1 module)
 LOG  [web] Logs will appear in the browser console
Web Bundled 84ms index.js (1 module)
 LOG  [web] Logs will appear in the browser console
Web ./index.js ░░░░░░░░░░░░░░░░  0.0% (0/1)
Web Bundled 49ms index.js (1 module)
 LOG  [web] Logs will appear in the browser console
Web ./index.js ░░░░░░░░░░░░░░░░  0.0% (0/1)
Web Bundled 37ms index.js (1 module)
 LOG  [web] Logs will appear in the browser console
Web ./index.js ░░░░░░░░░░░░░░░░  0.0% (0/1)
Web Bundled 38ms index.js (1 module)
 LOG  [web] Logs will appear in the browser console
Web ./index.js ░░░░░░░░░░░░░░░░  0.0% (0/1)
Web Bundled 38ms index.js (1 module)
Web Bundled 44ms index.js (1 module)
 LOG  [web] Logs will appear in the browser console
 LOG  [web] Logs will appear in the browser console
Web Bundled 31ms index.js (1 module)
 LOG  [web] Logs will appear in the browser console
Web Bundled 29ms index.js (1 module)
 LOG  [web] Logs will appear in the browser console
Web Bundled 41ms index.js (1 module)
 LOG  [web] Logs will appear in the browser console
Web Bundled 30ms index.js (1 module)
 LOG  [web] Logs will appear in the browser console
