npm warn exec The following package was not found and will be installed: http-server@14.1.1
npm warn deprecated whatwg-encoding@2.0.0: Use @exodus/bytes instead for a more spec-conformant and faster implementation
Starting up http-server, serving dist

http-server version: 14.1.1

http-server settings:
CORS: disabled
Cache: 3600 seconds
Connection Timeout: 120 seconds
Directory Listings: visible
AutoIndex: visible
Serve GZIP Files: false
Serve Brotli Files: false
Default File Extension: none

Available on:
  http://127.0.0.1:8080
  http://192.168.0.2:8080
Hit CTRL-C to stop the server

[2026-03-07T01:41:32.719Z]  "GET /" "Mozilla/5.0 (X11; Linux x86_64) AppleWebKit/537.36 (KHTML, like Gecko) HeadlessChrome/143.0.7499.4 Safari/537.36"
(node:3160) [DEP0066] DeprecationWarning: OutgoingMessage.prototype._headers is deprecated
(Use `node --trace-deprecation ...` to show where the warning was created)
[2026-03-07T01:41:32.767Z]  "GET /offline-cards/_expo/static/js/web/index-2f5ea3c7a6a28b301fba0a06ee38a0e7.js" "Mozilla/5.0 (X11; Linux x86_64) AppleWebKit/537.36 (KHTML, like Gecko) HeadlessChrome/143.0.7499.4 Safari/537.36"
[2026-03-07T01:41:32.769Z]  "GET /offline-cards/_expo/static/js/web/index-2f5ea3c7a6a28b301fba0a06ee38a0e7.js" Error (404): "Not found"
[2026-03-07T01:41:32.992Z]  "GET /offline-cards/sw.js" "Mozilla/5.0 (X11; Linux x86_64) AppleWebKit/537.36 (KHTML, like Gecko) HeadlessChrome/143.0.7499.4 Safari/537.36"
[2026-03-07T01:41:32.994Z]  "GET /offline-cards/sw.js" Error (404): "Not found"
[2026-03-07T01:42:15.137Z]  "GET /" "curl/8.5.0"
[2026-03-07T01:42:33.282Z]  "GET /index.html" "Mozilla/5.0 (X11; Linux x86_64) AppleWebKit/537.36 (KHTML, like Gecko) HeadlessChrome/143.0.7499.4 Safari/537.36"
[2026-03-07T01:42:33.295Z]  "GET /offline-cards/_expo/static/js/web/index-2f5ea3c7a6a28b301fba0a06ee38a0e7.js" "Mozilla/5.0 (X11; Linux x86_64) AppleWebKit/537.36 (KHTML, like Gecko) HeadlessChrome/143.0.7499.4 Safari/537.36"
[2026-03-07T01:42:33.296Z]  "GET /offline-cards/_expo/static/js/web/index-2f5ea3c7a6a28b301fba0a06ee38a0e7.js" Error (404): "Not found"
[2026-03-07T01:42:33.311Z]  "GET /offline-cards/sw.js" "Mozilla/5.0 (X11; Linux x86_64) AppleWebKit/537.36 (KHTML, like Gecko) HeadlessChrome/143.0.7499.4 Safari/537.36"
[2026-03-07T01:42:33.312Z]  "GET /offline-cards/sw.js" Error (404): "Not found"
